<?xml version="1.0" encoding="UTF-8"?>
<!-- Generated by org.testng.reporters.JUnitReportReporter -->
<testsuite hostname="M290012VYJHC8" name="com.mmt.TestCases.MMT_FlightResultTest" tests="11" failures="0" timestamp="27 Apr 2019 09:50:07 GMT" time="136.047" errors="0">
  <testcase name="SelectFlightAndValidateTotal" time="10.509" classname="com.mmt.TestCases.MMT_FlightResultTest"/>
  <testcase name="ValidateNumberofFlightWith_OneStop" time="51.367" classname="com.mmt.TestCases.MMT_FlightResultTest"/>
  <testcase name="SelectFlightAndValidateTotal" time="10.429" classname="com.mmt.TestCases.MMT_FlightResultTest"/>
  <testcase name="SelectFlightAndValidateTotal" time="10.428" classname="com.mmt.TestCases.MMT_FlightResultTest"/>
  <testcase name="SelectFlightAndValidateTotal" time="0.451" classname="com.mmt.TestCases.MMT_FlightResultTest"/>
  <testcase name="SelectFlightAndValidateTotal" time="0.457" classname="com.mmt.TestCases.MMT_FlightResultTest"/>
  <testcase name="SelectFlightAndValidateTotal" time="0.424" classname="com.mmt.TestCases.MMT_FlightResultTest"/>
  <testcase name="ValidateNumberofFlightWith_NonStop" time="20.627" classname="com.mmt.TestCases.MMT_FlightResultTest"/>
  <testcase name="SelectFlightAndValidateTotal" time="10.440" classname="com.mmt.TestCases.MMT_FlightResultTest"/>
  <testcase name="ValidateNumberOfFlighstWithoutFilters" time="10.465" classname="com.mmt.TestCases.MMT_FlightResultTest"/>
  <testcase name="SelectFlightAndValidateTotal" time="10.450" classname="com.mmt.TestCases.MMT_FlightResultTest"/>
</testsuite> <!-- com.mmt.TestCases.MMT_FlightResultTest -->
