<?xml version="1.0" encoding="UTF-8"?>
<!-- Generated by org.testng.reporters.JUnitReportReporter -->
<testsuite hostname="M290012VYJHC8" name="com.mmt.TestCases.MMT_FlightResultTest" tests="11" failures="0" timestamp="27 Apr 2019 18:34:06 GMT" time="157.368" errors="0">
  <testcase name="SelectFlightAndValidateTotal" time="10.617" classname="com.mmt.TestCases.MMT_FlightResultTest"/>
  <testcase name="SelectFlightAndValidateTotal" time="10.558" classname="com.mmt.TestCases.MMT_FlightResultTest"/>
  <testcase name="SelectFlightAndValidateTotal" time="0.516" classname="com.mmt.TestCases.MMT_FlightResultTest"/>
  <testcase name="SelectFlightAndValidateTotal" time="10.490" classname="com.mmt.TestCases.MMT_FlightResultTest"/>
  <testcase name="SelectFlightAndValidateTotal" time="10.507" classname="com.mmt.TestCases.MMT_FlightResultTest"/>
  <testcase name="SelectFlightAndValidateTotal" time="10.594" classname="com.mmt.TestCases.MMT_FlightResultTest"/>
  <testcase name="SelectFlightAndValidateTotal" time="10.497" classname="com.mmt.TestCases.MMT_FlightResultTest"/>
  <testcase name="ValidateNumberOfFlightWith_NonStop" time="20.723" classname="com.mmt.TestCases.MMT_FlightResultTest"/>
  <testcase name="SelectFlightAndValidateTotal" time="10.468" classname="com.mmt.TestCases.MMT_FlightResultTest"/>
  <testcase name="ValidateNumberOfFlighstWithoutFilters" time="10.914" classname="com.mmt.TestCases.MMT_FlightResultTest"/>
  <testcase name="ValidateNumberOfFlightWith_OneStop" time="51.484" classname="com.mmt.TestCases.MMT_FlightResultTest"/>
</testsuite> <!-- com.mmt.TestCases.MMT_FlightResultTest -->
