<?xml version="1.0" encoding="UTF-8"?>
<!-- Generated by org.testng.reporters.JUnitReportReporter -->
<testsuite hostname="M290012VYJHC8" name="com.mmt.TestCases.MMT_FlightResultTest" tests="11" failures="0" timestamp="28 Apr 2019 07:09:57 GMT" time="167.510" errors="0">
  <testcase name="SelectFlightAndValidateTotal" time="10.579" classname="com.mmt.TestCases.MMT_FlightResultTest"/>
  <testcase name="SelectFlightAndValidateTotal" time="10.467" classname="com.mmt.TestCases.MMT_FlightResultTest"/>
  <testcase name="SelectFlightAndValidateTotal" time="10.445" classname="com.mmt.TestCases.MMT_FlightResultTest"/>
  <testcase name="SelectFlightAndValidateTotal" time="10.460" classname="com.mmt.TestCases.MMT_FlightResultTest"/>
  <testcase name="SelectFlightAndValidateTotal" time="10.490" classname="com.mmt.TestCases.MMT_FlightResultTest"/>
  <testcase name="SelectFlightAndValidateTotal" time="10.545" classname="com.mmt.TestCases.MMT_FlightResultTest"/>
  <testcase name="SelectFlightAndValidateTotal" time="10.519" classname="com.mmt.TestCases.MMT_FlightResultTest"/>
  <testcase name="SelectFlightAndValidateTotal" time="10.481" classname="com.mmt.TestCases.MMT_FlightResultTest"/>
  <testcase name="ValidateNumberOfFlightWith_NonStop" time="20.654" classname="com.mmt.TestCases.MMT_FlightResultTest"/>
  <testcase name="ValidateNumberOfFlighstWithoutFilters" time="10.551" classname="com.mmt.TestCases.MMT_FlightResultTest"/>
  <testcase name="ValidateNumberOfFlightWith_OneStop" time="52.319" classname="com.mmt.TestCases.MMT_FlightResultTest"/>
</testsuite> <!-- com.mmt.TestCases.MMT_FlightResultTest -->
