<?xml version="1.0" encoding="UTF-8"?>
<!-- Generated by org.testng.reporters.JUnitReportReporter -->
<testsuite hostname="M290012VYJHC8" name="com.mmt.TestCases.MMT_FlightResultTest" tests="11" failures="1" timestamp="28 Apr 2019 09:21:53 GMT" time="146.663" errors="0">
  <testcase name="SelectFlightAndValidateTotal" time="10.526" classname="com.mmt.TestCases.MMT_FlightResultTest"/>
  <testcase name="ValidateNumberOfFlightWith_OneStop" time="51.454" classname="com.mmt.TestCases.MMT_FlightResultTest"/>
  <testcase name="SelectFlightAndValidateTotal" time="10.455" classname="com.mmt.TestCases.MMT_FlightResultTest"/>
  <testcase name="SelectFlightAndValidateTotal" time="10.420" classname="com.mmt.TestCases.MMT_FlightResultTest"/>
  <testcase name="SelectFlightAndValidateTotal" time="10.466" classname="com.mmt.TestCases.MMT_FlightResultTest"/>
  <testcase name="SelectFlightAndValidateTotal" time="10.471" classname="com.mmt.TestCases.MMT_FlightResultTest"/>
  <testcase name="SelectFlightAndValidateTotal" time="0.028" classname="com.mmt.TestCases.MMT_FlightResultTest">
    <failure type="org.testng.SkipException" message="Given 300 Index number is more than number of departure flight listed or Negative value">
      <![CDATA[org.testng.SkipException: Given 300 Index number is more than number of departure flight listed or Negative value
	at com.mmt.Pages.MMT_FlightResult.SelectDepartureFlight(MMT_FlightResult.java:140)
	at com.mmt.TestCases.MMT_FlightResultTest.SelectFlightAndValidateTotal(MMT_FlightResultTest.java:77)
	at sun.reflect.NativeMethodAccessorImpl.invoke0(Native Method)
	at sun.reflect.NativeMethodAccessorImpl.invoke(NativeMethodAccessorImpl.java:62)
	at sun.reflect.DelegatingMethodAccessorImpl.invoke(DelegatingMethodAccessorImpl.java:43)
	at java.lang.reflect.Method.invoke(Method.java:498)
	at org.testng.internal.MethodInvocationHelper.invokeMethod(MethodInvocationHelper.java:80)
	at org.testng.internal.Invoker.invokeMethod(Invoker.java:714)
	at org.testng.internal.Invoker.invokeTestMethod(Invoker.java:901)
	at org.testng.internal.Invoker.invokeTestMethods(Invoker.java:1231)
	at org.testng.internal.TestMethodWorker.invokeTestMethods(TestMethodWorker.java:127)
	at org.testng.internal.TestMethodWorker.run(TestMethodWorker.java:111)
	at org.testng.TestRunner.privateRun(TestRunner.java:767)
	at org.testng.TestRunner.run(TestRunner.java:617)
	at org.testng.SuiteRunner.runTest(SuiteRunner.java:334)
	at org.testng.SuiteRunner.runSequentially(SuiteRunner.java:329)
	at org.testng.SuiteRunner.privateRun(SuiteRunner.java:291)
	at org.testng.SuiteRunner.run(SuiteRunner.java:240)
	at org.testng.SuiteRunnerWorker.runSuite(SuiteRunnerWorker.java:52)
	at org.testng.SuiteRunnerWorker.run(SuiteRunnerWorker.java:86)
	at org.testng.TestNG.runSuitesSequentially(TestNG.java:1198)
	at org.testng.TestNG.runSuitesLocally(TestNG.java:1123)
	at org.testng.TestNG.run(TestNG.java:1031)
	at org.testng.remote.AbstractRemoteTestNG.run(AbstractRemoteTestNG.java:126)
	at org.testng.remote.RemoteTestNG.initAndRun(RemoteTestNG.java:152)
	at org.testng.remote.RemoteTestNG.main(RemoteTestNG.java:57)
]]>
    </failure>
  </testcase> <!-- SelectFlightAndValidateTotal -->
  <testcase name="ValidateNumberOfFlightWith_NonStop" time="20.686" classname="com.mmt.TestCases.MMT_FlightResultTest"/>
  <testcase name="ValidateNumberOfFlighstWithoutFilters" time="11.279" classname="com.mmt.TestCases.MMT_FlightResultTest"/>
  <testcase name="SelectFlightAndValidateTotal" time="10.485" classname="com.mmt.TestCases.MMT_FlightResultTest"/>
  <testcase name="SelectFlightAndValidateTotal" time="0.393" classname="com.mmt.TestCases.MMT_FlightResultTest"/>
</testsuite> <!-- com.mmt.TestCases.MMT_FlightResultTest -->
