<?xml version="1.0" encoding="UTF-8"?>
<!-- Generated by org.testng.reporters.JUnitReportReporter -->
<testsuite hostname="M290012VYJHC8" name="com.mmt.TestCases.MMT_HomePageTests" tests="2" failures="0" timestamp="28 Apr 2019 09:21:53 GMT" time="9.469" errors="0">
  <testcase name="SearchFlight" time="9.448" classname="com.mmt.TestCases.MMT_HomePageTests"/>
  <testcase name="ValidateHomePage" time="0.021" classname="com.mmt.TestCases.MMT_HomePageTests"/>
</testsuite> <!-- com.mmt.TestCases.MMT_HomePageTests -->
