<?xml version="1.0" encoding="UTF-8"?>
<!-- Generated by org.testng.reporters.JUnitReportReporter -->
<testsuite hostname="M290012VYJHC8" name="com.mmt.TestCases.MMT_HomePageTests" tests="2" failures="0" timestamp="27 Apr 2019 09:50:07 GMT" time="9.725" errors="0">
  <testcase name="ValidateHomePage" time="0.012" classname="com.mmt.TestCases.MMT_HomePageTests"/>
  <testcase name="SearchFlight" time="9.713" classname="com.mmt.TestCases.MMT_HomePageTests"/>
</testsuite> <!-- com.mmt.TestCases.MMT_HomePageTests -->
