<?xml version="1.0" encoding="UTF-8"?>
<!-- Generated by org.testng.reporters.JUnitReportReporter -->
<testsuite hostname="M290012VYJHC8" name="com.mmt.TestCases.MMT_HomePageTests" tests="2" failures="0" timestamp="28 Apr 2019 07:09:57 GMT" time="16.229" errors="0">
  <testcase name="SearchFlight" time="16.203" classname="com.mmt.TestCases.MMT_HomePageTests"/>
  <testcase name="ValidateHomePage" time="0.026" classname="com.mmt.TestCases.MMT_HomePageTests"/>
</testsuite> <!-- com.mmt.TestCases.MMT_HomePageTests -->
