<?xml version="1.0" encoding="UTF-8"?>
<!-- Generated by org.testng.reporters.JUnitReportReporter -->
<testsuite hostname="M290012VYJHC8" name="com.mmt.BaseClass.DataProviderClass" tests="8" failures="0" timestamp="26 Apr 2019 09:43:10 GMT" time="0.017" errors="0">
  <testcase name="Test1" time="0.001" classname="com.mmt.BaseClass.DataProviderClass"/>
  <testcase name="Test1" time="0.001" classname="com.mmt.BaseClass.DataProviderClass"/>
  <testcase name="Test1" time="0.009" classname="com.mmt.BaseClass.DataProviderClass"/>
  <testcase name="Test1" time="0.001" classname="com.mmt.BaseClass.DataProviderClass"/>
  <testcase name="Test1" time="0.000" classname="com.mmt.BaseClass.DataProviderClass"/>
  <testcase name="Test1" time="0.002" classname="com.mmt.BaseClass.DataProviderClass"/>
  <testcase name="Test1" time="0.002" classname="com.mmt.BaseClass.DataProviderClass"/>
  <testcase name="Test1" time="0.001" classname="com.mmt.BaseClass.DataProviderClass"/>
</testsuite> <!-- com.mmt.BaseClass.DataProviderClass -->
