<?xml version="1.0" encoding="UTF-8"?>
<!-- Generated by org.testng.reporters.JUnitReportReporter -->
<testsuite hostname="M290012VYJHC8" name="com.mmt.BaseClass.Sample" tests="1" failures="0" timestamp="27 Apr 2019 08:06:52 GMT" time="0.011" errors="0">
  <testcase name="Test1" time="0.011" classname="com.mmt.BaseClass.Sample"/>
</testsuite> <!-- com.mmt.BaseClass.Sample -->
