<?xml version="1.0" encoding="UTF-8"?>
<!-- Generated by org.testng.reporters.JUnitReportReporter -->
<testsuite hostname="M290012VYJHC8" name="com.mmt.TestCases.MMT_HomePageTests" tests="2" failures="0" timestamp="27 Apr 2019 15:18:31 GMT" time="8.862" errors="0">
  <testcase name="SearchFlight" time="8.843" classname="com.mmt.TestCases.MMT_HomePageTests"/>
  <testcase name="ValidateHomePage" time="0.019" classname="com.mmt.TestCases.MMT_HomePageTests"/>
</testsuite> <!-- com.mmt.TestCases.MMT_HomePageTests -->
