<?xml version="1.0" encoding="UTF-8"?>
<!-- Generated by org.testng.reporters.JUnitReportReporter -->
<testsuite hostname="M290012VYJHC8" name="com.mmt.TestCases.MMT_HomePageTests" tests="2" failures="0" timestamp="27 Apr 2019 13:52:18 GMT" time="9.869" errors="0">
  <testcase name="SearchFlight" time="9.844" classname="com.mmt.TestCases.MMT_HomePageTests"/>
  <testcase name="ValidateHomePage" time="0.025" classname="com.mmt.TestCases.MMT_HomePageTests"/>
</testsuite> <!-- com.mmt.TestCases.MMT_HomePageTests -->
